<?xml version="1.0" encoding="UTF-8"?>
<testsuite xmlns:xsi="http://www.w3.org/2001/XMLSchema-instance" xsi:noNamespaceSchemaLocation="https://maven.apache.org/surefire/maven-surefire-plugin/xsd/surefire-test-report-3.0.xsd" version="3.0" name="Control.ControlRegistrarEvaluacionTest" time="2.277" tests="5" errors="0" skipped="0" failures="0">
  <properties>
[...]
</properties>
  <testcase name="testRegistrarEvaluacion" classname="Control.ControlRegistrarEvaluacionTest" time="2.16">
    <system-err><![CDATA[Mockito is currently self-attaching to enable the inline-mock-maker. This will no longer work in future releases of the JDK. Please add Mockito as an agent to your build as described in Mockito's documentation: https://javadoc.io/doc/org.mockito/mockito-core/latest/org.mockito/org/mockito/Mockito.html#0.3
WARNING: A Java agent has been loaded dynamically (C:\Users\skyro\.m2\repository\net\bytebuddy\byte-buddy-agent\1.17.5\byte-buddy-agent-1.17.5.jar)
WARNING: If a serviceability tool is in use, please run with -XX:+EnableDynamicAgentLoading to hide this warning
WARNING: If a serviceability tool is not in use, please run with -Djdk.instrument.traceUsage for more information
WARNING: Dynamic loading of agents will be disallowed by default in a future release
may 22, 2025 3:41:12 P.M. org.bson.diagnostics.Loggers shouldUseSLF4J
WARNING: SLF4J not found on the classpath. Logging is disabled for the 'org.bson' component
may 22, 2025 3:41:12 P.M. com.mongodb.internal.diagnostics.logging.Loggers shouldUseSLF4J
WARNING: SLF4J not found on the classpath.  Logging is disabled for the 'org.mongodb.driver' component
]]></system-err>
  </testcase>
  <testcase name="testRegistrarEvaluacionConErrorEmpleado" classname="Control.ControlRegistrarEvaluacionTest" time="0.016">
    <system-err><![CDATA[may 22, 2025 3:41:12 P.M. Control.ControlRegistrarEvaluacion registrarEvaluacion
SEVERE: null
]]></system-err>
  </testcase>
  <testcase name="testRegistrarEvaluacionNula" classname="Control.ControlRegistrarEvaluacionTest" time="0.006"/>
  <testcase name="testValidarEvaluacionValida" classname="Control.ControlRegistrarEvaluacionTest" time="0.01"/>
  <testcase name="testValidarEvaluacionCampoNulo" classname="Control.ControlRegistrarEvaluacionTest" time="0.007"/>
</testsuite>